<?xml version="1.0" encoding="UTF-8"?>
<!-- Generated by org.testng.reporters.JUnitXMLReporter -->
<testsuite ignored="1" hostname="Hare-Krishna" failures="0" tests="6" name="Test-Runner_2" time="0.031" errors="0" timestamp="2023-03-27T13:03:21 IST">
  <testcase classname="Practice_Package.Base_class" name="@BeforeClass configBC" time="-1.679902401697E9">
    <failure type="org.testng.TestNGException" message="
Can inject only one of &amp;lt;ITestContext, XmlTest&amp;gt; into a @BeforeClass annotated configBC.
For more information on native dependency injection please refer to https://testng.org/doc/documentation-main.html#native-dependency-injection">
      <![CDATA[org.testng.TestNGException: 
Can inject only one of <ITestContext, XmlTest> into a @BeforeClass annotated configBC.
For more information on native dependency injection please refer to https://testng.org/doc/documentation-main.html#native-dependency-injection
at java.base/java.util.ArrayList.forEach(ArrayList.java:1511)
at java.base/java.util.concurrent.FutureTask.run(FutureTask.java:264)
at java.base/java.util.concurrent.ThreadPoolExecutor.runWorker(ThreadPoolExecutor.java:1136)
at java.base/java.util.concurrent.ThreadPoolExecutor$Worker.run(ThreadPoolExecutor.java:635)
at java.base/java.lang.Thread.run(Thread.java:833)
... Removed 13 stack frames]]>
    </failure>
  </testcase> <!-- @BeforeClass configBC -->
  <testcase classname="Practice_Package.Base_class" name="@AfterClass configAC" time="0.0">
    <failure type="java.lang.NullPointerException" message="Cannot invoke &amp;quot;org.openqa.selenium.WebDriver.quit()&amp;quot; because &amp;quot;Practice_Package.Base_class.driver&amp;quot; is null">
      <![CDATA[java.lang.NullPointerException: Cannot invoke "org.openqa.selenium.WebDriver.quit()" because "Practice_Package.Base_class.driver" is null
at Practice_Package.Base_class.configAC(Base_class.java:81)
at java.base/java.util.ArrayList.forEach(ArrayList.java:1511)
at java.base/java.util.concurrent.FutureTask.run(FutureTask.java:264)
at java.base/java.util.concurrent.ThreadPoolExecutor.runWorker(ThreadPoolExecutor.java:1136)
at java.base/java.util.concurrent.ThreadPoolExecutor$Worker.run(ThreadPoolExecutor.java:635)
at java.base/java.lang.Thread.run(Thread.java:833)
... Removed 16 stack frames]]>
    </failure>
  </testcase> <!-- @AfterClass configAC -->
  <testcase classname="Practice_Package.Base_class" name="@BeforeClass configBC" time="-1.679902401715E9">
    <failure type="org.testng.TestNGException" message="
Can inject only one of &amp;lt;ITestContext, XmlTest&amp;gt; into a @BeforeClass annotated configBC.
For more information on native dependency injection please refer to https://testng.org/doc/documentation-main.html#native-dependency-injection">
      <![CDATA[org.testng.TestNGException: 
Can inject only one of <ITestContext, XmlTest> into a @BeforeClass annotated configBC.
For more information on native dependency injection please refer to https://testng.org/doc/documentation-main.html#native-dependency-injection
at java.base/java.util.ArrayList.forEach(ArrayList.java:1511)
at java.base/java.util.concurrent.FutureTask.run(FutureTask.java:264)
at java.base/java.util.concurrent.ThreadPoolExecutor.runWorker(ThreadPoolExecutor.java:1136)
at java.base/java.util.concurrent.ThreadPoolExecutor$Worker.run(ThreadPoolExecutor.java:635)
at java.base/java.lang.Thread.run(Thread.java:833)
... Removed 13 stack frames]]>
    </failure>
  </testcase> <!-- @BeforeClass configBC -->
  <testcase classname="Practice_Package.Base_class" name="@AfterClass configAC" time="0.0">
    <failure type="java.lang.NullPointerException" message="Cannot invoke &amp;quot;org.openqa.selenium.WebDriver.quit()&amp;quot; because &amp;quot;Practice_Package.Base_class.driver&amp;quot; is null">
      <![CDATA[java.lang.NullPointerException: Cannot invoke "org.openqa.selenium.WebDriver.quit()" because "Practice_Package.Base_class.driver" is null
at Practice_Package.Base_class.configAC(Base_class.java:81)
at java.base/java.util.ArrayList.forEach(ArrayList.java:1511)
at java.base/java.util.concurrent.FutureTask.run(FutureTask.java:264)
at java.base/java.util.concurrent.ThreadPoolExecutor.runWorker(ThreadPoolExecutor.java:1136)
at java.base/java.util.concurrent.ThreadPoolExecutor$Worker.run(ThreadPoolExecutor.java:635)
at java.base/java.lang.Thread.run(Thread.java:833)
... Removed 16 stack frames]]>
    </failure>
  </testcase> <!-- @AfterClass configAC -->
  <testcase classname="Practice_Package.Test02" name="script3" time="0.0">
    <skipped/>
  </testcase> <!-- script3 -->
  <testcase classname="Practice_Package.Test02" name="script4" time="0.0">
    <skipped/>
  </testcase> <!-- script4 -->
  <testcase classname="Practice_Package.Test03" name="script5" time="0.001"/>
  <testcase classname="Practice_Package.Test03" name="script6" time="0.001"/>
  <testcase classname="Practice_Package.Test01" name="script1" time="0.0">
    <skipped/>
  </testcase> <!-- script1 -->
  <testcase classname="Practice_Package.Test01" name="script2" time="0.0">
    <skipped/>
  </testcase> <!-- script2 -->
  <testcase classname="Practice_Package.Base_class" name="@AfterSuite configAS" time="0.0">
    <ignored/>
  </testcase> <!-- @AfterSuite configAS -->
</testsuite> <!-- Test-Runner_2 -->
