<?xml version="1.0" encoding="UTF-8"?>
<!-- Generated by org.testng.reporters.JUnitReportReporter -->
<testsuite hostname="Hare-Krishna" failures="0" tests="3" name="com.TMS.testscript.Tms_Testscript1" time="134.548" errors="0" timestamp="2023-03-27T17:21:34 IST" skipped="1">
  <testcase classname="com.TMS.testscript.Tms_Testscript1" name="confirmpackagetest" time="10.232"/>
  <system-out/>
  <testcase classname="com.TMS.testscript.Tms_Testscript1" name="bookPackagetest" time="124.316"/>
  <system-out/>
  <testcase classname="com.TMS.testscript.Tms_Testscript1" name="cancelpackagetest">
    <skipped/>
  </testcase> <!-- cancelpackagetest -->
  <system-out/>
</testsuite> <!-- com.TMS.testscript.Tms_Testscript1 -->
