<?xml version="1.0" encoding="UTF-8"?>
<!-- Generated by org.testng.reporters.JUnitReportReporter -->
<testsuite hostname="Hare-Krishna" failures="0" tests="2" name="com.TMS.testscript.CreatePackageTest" time="6.129" errors="0" timestamp="2023-03-28T17:25:29 IST" skipped="0">
  <testcase classname="com.TMS.testscript.CreatePackageTest" name="createpackagetest" time="0.987"/>
  <system-out>
    <![CDATA[createpackagetest-----> Testscript execution started
createpackagetest-----> Testscript execution Successfull]]>
  </system-out>
  <testcase classname="com.TMS.testscript.CreatePackageTest" name="createpackagetest" time="5.142"/>
  <system-out>
    <![CDATA[createpackagetest-----> Testscript execution started
createpackagetest-----> Testscript execution Successfull]]>
  </system-out>
</testsuite> <!-- com.TMS.testscript.CreatePackageTest -->
