<?xml version="1.0" encoding="UTF-8"?>
<!-- Generated by org.testng.reporters.JUnitReportReporter -->
<testsuite hostname="Hare-Krishna" failures="0" tests="4" name="com.TMS.testscript.TMS_Testscript_01" time="758.185" errors="0" timestamp="2023-03-28T17:25:29 IST" skipped="0">
  <testcase classname="com.TMS.testscript.TMS_Testscript_01" name="createpackagetest" time="282.760"/>
  <system-out>
    <![CDATA[createpackagetest-----> Testscript execution started
createpackagetest-----> Testscript execution Successfull]]>
  </system-out>
  <testcase classname="com.TMS.testscript.TMS_Testscript_01" name="ManagePackagetest" time="386.300"/>
  <system-out>
    <![CDATA[ManagePackagetest-----> Testscript execution started
ManagePackagetest-----> Testscript execution Successfull]]>
  </system-out>
  <testcase classname="com.TMS.testscript.TMS_Testscript_01" name="createpackagetest" time="0.436"/>
  <system-out>
    <![CDATA[createpackagetest-----> Testscript execution started
createpackagetest-----> Testscript execution Successfull]]>
  </system-out>
  <testcase classname="com.TMS.testscript.TMS_Testscript_01" name="ManagePackagetest" time="88.689"/>
  <system-out>
    <![CDATA[ManagePackagetest-----> Testscript execution started
ManagePackagetest-----> Testscript execution Successfull]]>
  </system-out>
</testsuite> <!-- com.TMS.testscript.TMS_Testscript_01 -->
