<?xml version="1.0" encoding="UTF-8"?>
<!-- Generated by org.testng.reporters.JUnitReportReporter -->
<testsuite hostname="Hare-Krishna" failures="0" tests="2" name="Practice_Package.Data_Pro" time="0.010" errors="0" timestamp="2023-03-24T11:05:43 IST" skipped="0">
  <testcase classname="Practice_Package.Data_Pro" name="getData" time="0.001"/>
  <system-out/>
  <testcase classname="Practice_Package.Data_Pro" name="getData" time="0.009"/>
  <system-out/>
</testsuite> <!-- Practice_Package.Data_Pro -->
