<?xml version="1.0" encoding="UTF-8"?>
<!-- Generated by org.testng.reporters.JUnitReportReporter -->
<testsuite hostname="Hare-Krishna" failures="0" tests="3" name="com.TMS.testscript.TMS_ManageBookingTest" time="15.606" errors="0" timestamp="2023-03-31T10:51:35 IST" skipped="1">
  <testcase classname="com.TMS.testscript.TMS_ManageBookingTest" name="ConfirmBookingTest" time="4.061"/>
  <system-out/>
  <testcase classname="com.TMS.testscript.TMS_ManageBookingTest" name="PackageBookingTest" time="11.545"/>
  <system-out/>
  <testcase classname="com.TMS.testscript.TMS_ManageBookingTest" name="CancelBookingTest">
    <skipped/>
  </testcase> <!-- CancelBookingTest -->
  <system-out/>
</testsuite> <!-- com.TMS.testscript.TMS_ManageBookingTest -->
