<?xml version="1.0" encoding="UTF-8"?>
<!-- Generated by org.testng.reporters.JUnitReportReporter -->
<testsuite hostname="Hare-Krishna" failures="0" tests="2" name="Practice_Package.Test02" time="0.011" errors="0" timestamp="2023-03-27T13:30:06 IST" skipped="0">
  <testcase classname="Practice_Package.Test02" name="script4" time="0.006"/>
  <system-out/>
  <testcase classname="Practice_Package.Test02" name="script3" time="0.005"/>
  <system-out/>
</testsuite> <!-- Practice_Package.Test02 -->
