<?xml version="1.0" encoding="UTF-8"?>
<!-- Generated by org.testng.reporters.JUnitReportReporter -->
<testsuite hostname="Hare-Krishna" failures="0" tests="2" name="com.TMS.testscript.TMS_Testscript" time="564.645" errors="0" timestamp="2023-03-27T17:21:34 IST" skipped="0">
  <testcase classname="com.TMS.testscript.TMS_Testscript" name="ManagePackagetest" time="270.559"/>
  <system-out/>
  <testcase classname="com.TMS.testscript.TMS_Testscript" name="createpackagetest" time="294.086"/>
  <system-out/>
</testsuite> <!-- com.TMS.testscript.TMS_Testscript -->
