<?xml version="1.0" encoding="UTF-8"?>
<!-- Generated by org.testng.reporters.JUnitReportReporter -->
<testsuite hostname="Hare-Krishna" failures="0" tests="4" name="Practice_Package.TestScript_Test" time="0.021" errors="0" timestamp="2023-03-24T10:18:53 IST" skipped="0">
  <testcase classname="Practice_Package.TestScript_Test" name="delete" time="0.002"/>
  <system-out/>
  <testcase classname="Practice_Package.TestScript_Test" name="edit" time="0.003"/>
  <system-out/>
  <testcase classname="Practice_Package.TestScript_Test" name="edit" time="0.003"/>
  <system-out/>
  <testcase classname="Practice_Package.TestScript_Test" name="create" time="0.013"/>
  <system-out/>
</testsuite> <!-- Practice_Package.TestScript_Test -->
