<?xml version="1.0" encoding="UTF-8"?>
<!-- Generated by org.testng.reporters.JUnitReportReporter -->
<testsuite hostname="Hare-Krishna" failures="0" tests="2" name="com.TMS.testscript.TMS_ManageIssuesTest" time="16.817" errors="0" timestamp="2023-03-31T10:51:35 IST" skipped="0">
  <testcase classname="com.TMS.testscript.TMS_ManageIssuesTest" name="manageIssue" time="4.740"/>
  <system-out/>
  <testcase classname="com.TMS.testscript.TMS_ManageIssuesTest" name="createIssue" time="12.077"/>
  <system-out/>
</testsuite> <!-- com.TMS.testscript.TMS_ManageIssuesTest -->
