<?xml version="1.0" encoding="UTF-8"?>
<!-- Generated by org.testng.reporters.JUnitReportReporter -->
<testsuite hostname="Hare-Krishna" failures="0" tests="2" name="com.TMS.testscript.TMS_Testscript_03" time="19.890" errors="0" timestamp="2023-03-28T17:25:29 IST" skipped="0">
  <testcase classname="com.TMS.testscript.TMS_Testscript_03" name="createIssue" time="1.084"/>
  <system-out>
    <![CDATA[createIssue-----> Testscript execution started
createIssue-----> Testscript execution Successfull]]>
  </system-out>
  <testcase classname="com.TMS.testscript.TMS_Testscript_03" name="createIssue" time="18.806"/>
  <system-out>
    <![CDATA[createIssue-----> Testscript execution started
createIssue-----> Testscript execution Successfull]]>
  </system-out>
</testsuite> <!-- com.TMS.testscript.TMS_Testscript_03 -->
