<?xml version="1.0" encoding="UTF-8"?>
<!-- Generated by org.testng.reporters.JUnitReportReporter -->
<testsuite hostname="Hare-Krishna" failures="0" tests="2" name="Practice_Package.Test03" time="0.010" errors="0" timestamp="2023-03-27T13:30:06 IST" skipped="0">
  <testcase classname="Practice_Package.Test03" name="script6" time="0.007"/>
  <system-out/>
  <testcase classname="Practice_Package.Test03" name="script5" time="0.003"/>
  <system-out/>
</testsuite> <!-- Practice_Package.Test03 -->
