<?xml version="1.0" encoding="UTF-8"?>
<!-- Generated by org.testng.reporters.JUnitReportReporter -->
<testsuite hostname="Hare-Krishna" failures="0" tests="2" name="com.TMS.testscript.BookPackageTest" time="507.914" errors="0" timestamp="2023-03-28T17:25:29 IST" skipped="0">
  <testcase classname="com.TMS.testscript.BookPackageTest" name="bookPackagetest" time="219.847"/>
  <system-out>
    <![CDATA[bookPackagetest-----> Testscript execution started
bookPackagetest-----> Testscript execution Successfull]]>
  </system-out>
  <testcase classname="com.TMS.testscript.BookPackageTest" name="bookPackagetest" time="288.067"/>
  <system-out>
    <![CDATA[bookPackagetest-----> Testscript execution started
bookPackagetest-----> Testscript execution Successfull]]>
  </system-out>
</testsuite> <!-- com.TMS.testscript.BookPackageTest -->
