<?xml version="1.0" encoding="UTF-8"?>
<!-- Generated by org.testng.reporters.JUnitReportReporter -->
<testsuite hostname="Hare-Krishna" failures="0" tests="6" name="com.TMS.testscript.TMS_Testscript_02" time="155.527" errors="0" timestamp="2023-03-28T17:25:29 IST" skipped="2">
  <testcase classname="com.TMS.testscript.TMS_Testscript_02" name="confirmpackagetest" time="0.028"/>
  <system-out>
    <![CDATA[confirmpackagetest-----> Testscript execution started
confirmpackagetest-----> Testscript execution Successfull]]>
  </system-out>
  <testcase classname="com.TMS.testscript.TMS_Testscript_02" name="bookPackagetest" time="2.789"/>
  <system-out>
    <![CDATA[bookPackagetest-----> Testscript execution started
bookPackagetest-----> Testscript execution Successfull]]>
  </system-out>
  <testcase classname="com.TMS.testscript.TMS_Testscript_02" name="bookPackagetest" time="142.638"/>
  <system-out>
    <![CDATA[bookPackagetest-----> Testscript execution started
bookPackagetest-----> Testscript execution Successfull]]>
  </system-out>
  <testcase classname="com.TMS.testscript.TMS_Testscript_02" name="confirmpackagetest" time="10.072"/>
  <system-out>
    <![CDATA[confirmpackagetest-----> Testscript execution started
confirmpackagetest-----> Testscript execution Successfull]]>
  </system-out>
  <testcase classname="com.TMS.testscript.TMS_Testscript_02" name="cancelpackagetest">
    <skipped/>
  </testcase> <!-- cancelpackagetest -->
  <system-out/>
  <testcase classname="com.TMS.testscript.TMS_Testscript_02" name="cancelpackagetest">
    <skipped/>
  </testcase> <!-- cancelpackagetest -->
  <system-out/>
</testsuite> <!-- com.TMS.testscript.TMS_Testscript_02 -->
