<?xml version="1.0" encoding="UTF-8"?>
<!-- Generated by org.testng.reporters.JUnitReportReporter -->
<testsuite hostname="Hare-Krishna" failures="0" tests="2" name="Practice_Package.DataProviderTest" time="0.013" errors="0" timestamp="2023-03-24T10:00:03 IST" skipped="0">
  <testcase classname="Practice_Package.DataProviderTest" name="getData" time="0.002"/>
  <system-out/>
  <testcase classname="Practice_Package.DataProviderTest" name="getData" time="0.011"/>
  <system-out/>
</testsuite> <!-- Practice_Package.DataProviderTest -->
